<?xml version="1.0" encoding="UTF-8"?>
<!-- Generated by org.testng.reporters.JUnitReportReporter -->
<testsuite hostname="HPLaptop-OSV3G" failures="0" tests="1" name="package1.Test1" time="0.010" errors="0" timestamp="2022-05-05T19:07:23 IST" skipped="0">
  <testcase classname="package1.Test1" name="function1" time="0.010"/>
  <system-out/>
</testsuite> <!-- package1.Test1 -->
